11:37:08 INFO  : Processing command line option -hwspec /home/ippei/work/zybo_base/zybo_csd/zybo_csd.sdk/system_wrapper.hdf.
11:37:17 INFO  : Launching XSDB server: xsdb -s /opt/Xilinx/SDK/2014.4/scripts/xsdb/xsdb/xsdb-server.tcl 2450
11:46:29 INFO  : Invoking Bootgen: bootgen -image FSBL.bif -o /home/ippei/work/zybo_base/zybo_csd/zybo_csd.sdk/FSBL/bootimage/BOOT.bin
11:46:29 INFO  : Creating new bif file /home/ippei/work/zybo_base/zybo_csd/zybo_csd.sdk/FSBL/bootimage/FSBL.bif
11:46:29 INFO  : Bootgen command execution is done.
12:26:57 INFO  : Processing command line option -hwspec /home/ippei/work/zybo_base/zybo_csd/zybo_csd.sdk/system_wrapper.hdf.
12:26:59 INFO  : Launching XSDB server: xsdb -s /opt/Xilinx/SDK/2014.4/scripts/xsdb/xsdb/xsdb-server.tcl 2450
12:27:00 INFO  : Checking for hwspec changes in the project system_wrapper_hw_platform_0.
12:34:28 INFO  : Invoking Bootgen: bootgen -image FSBL.bif -o /home/ippei/work/zybo_base/zybo_csd/zybo_csd.sdk/FSBL/bootimage/BOOT.bin -w on
12:34:28 INFO  : Overwriting existing bif file /home/ippei/work/zybo_base/zybo_csd/zybo_csd.sdk/FSBL/bootimage/FSBL.bif
12:34:28 INFO  : Bootgen command execution is done.
12:37:00 INFO  : Processing command line option -hwspec /home/ippei/work/zybo_base/zybo_csd/zybo_csd.sdk/system_wrapper.hdf.
12:37:02 INFO  : Launching XSDB server: xsdb -s /opt/Xilinx/SDK/2014.4/scripts/xsdb/xsdb/xsdb-server.tcl 2450
12:37:02 INFO  : Checking for hwspec changes in the project system_wrapper_hw_platform_0.
12:44:16 INFO  : FPGA configured successfully with bitstream "/home/ippei/work/zybo_base/zybo_csd/zybo_csd.sdk/system_wrapper_hw_platform_0/system_wrapper.bit"
12:45:10 INFO  : ps7_init is completed.
12:45:10 INFO  : ps7_post_config is completed.
12:45:11 INFO  : Processor reset is completed for ps7_cortexa9_0
12:51:21 INFO  : Processor reset is completed for ps7_cortexa9_0
12:55:51 INFO  : Processor reset is completed for ps7_cortexa9_0
12:56:19 INFO  : Processor reset is completed for ps7_cortexa9_0
13:03:27 INFO  : Processor reset is completed for ps7_cortexa9_0
13:16:47 INFO  : FPGA configured successfully with bitstream "/home/ippei/work/zybo_base/zybo_csd/zybo_csd.sdk/system_wrapper_hw_platform_0/system_wrapper.bit"
13:16:53 INFO  : ps7_init is completed.
13:16:53 INFO  : ps7_post_config is completed.
13:16:53 INFO  : Processor reset is completed for ps7_cortexa9_0
13:26:02 ERROR : Unexpected error while parsing XMD response ￿: com.google.gson.JsonSyntaxException: com.google.gson.stream.MalformedJsonException: invalid number or unquoted string near 
13:35:50 INFO  : Processing command line option -hwspec /home/ippei/work/zybo_base/zybo_csd/zybo_csd.sdk/system_wrapper.hdf.
13:35:51 WARN  : Unable to obtain port 2450 for use by XSDB Server, java.net.BindException: アドレスは既に使用中です
13:35:51 INFO  : Launching XSDB server: xsdb -s /opt/Xilinx/SDK/2014.4/scripts/xsdb/xsdb/xsdb-server.tcl 2457
13:35:51 INFO  : Checking for hwspec changes in the project system_wrapper_hw_platform_0.
13:40:11 INFO  : Invoking Bootgen: bootgen -image FSBL.bif -o /home/ippei/work/zybo_base/zybo_csd/zybo_csd.sdk/FSBL/bootimage/BOOT.bin -w on
13:40:11 INFO  : Overwriting existing bif file /home/ippei/work/zybo_base/zybo_csd/zybo_csd.sdk/FSBL/bootimage/FSBL.bif
13:40:11 INFO  : Bootgen command execution is done.
15:10:39 INFO  : Processing command line option -hwspec /home/ippei/work/zybo_base/zybo_csd/zybo_csd.sdk/system_wrapper.hdf.
15:10:40 INFO  : Launching XSDB server: xsdb -s /opt/Xilinx/SDK/2014.4/scripts/xsdb/xsdb/xsdb-server.tcl 2450
15:10:41 INFO  : Checking for hwspec changes in the project system_wrapper_hw_platform_0.
15:10:42 INFO  : SDK has detected change in the last modified timestamps for source hardware specification file Source:1420264569000,  Project:1420251953000
15:10:42 INFO  : The hardware specification for project 'system_wrapper_hw_platform_0' is different from /home/ippei/work/zybo_base/zybo_csd/zybo_csd.sdk/system_wrapper.hdf.
15:10:42 INFO  : Copied contents of /home/ippei/work/zybo_base/zybo_csd/zybo_csd.sdk/system_wrapper.hdf into /system_wrapper_hw_platform_0/system.hdf.
15:10:43 INFO  : Synchronizing projects in the workspace with the hardware platform specification changes.
15:10:44 INFO  : 
15:10:53 INFO  : Updating hardware inferred compiler options for FSBL.
15:10:53 INFO  : Clearing existing target manager status.
15:16:31 INFO  : Invoking Bootgen: bootgen -image FSBL.bif -o /home/ippei/work/zybo_base/zybo_csd/zybo_csd.sdk/FSBL/bootimage/BOOT.bin -w on
15:16:31 INFO  : Overwriting existing bif file /home/ippei/work/zybo_base/zybo_csd/zybo_csd.sdk/FSBL/bootimage/FSBL.bif
15:16:31 INFO  : Bootgen command execution is done.
15:16:39 ERROR : Unexpected error while parsing XMD response ￿: com.google.gson.JsonSyntaxException: com.google.gson.stream.MalformedJsonException: invalid number or unquoted string near 
15:27:01 INFO  : Processing command line option -hwspec /home/ippei/work/zybo_base/zybo_csd/zybo_csd.sdk/system_wrapper.hdf.
15:27:01 INFO  : Launching XSDB server: xsdb -s /opt/Xilinx/SDK/2014.4/scripts/xsdb/xsdb/xsdb-server.tcl 2450
15:27:02 INFO  : Checking for hwspec changes in the project system_wrapper_hw_platform_0.
16:02:58 INFO  : Processing command line option -hwspec /home/ippei/work/zybo_base/zybo_csd/zybo_csd.sdk/system_wrapper.hdf.
16:03:00 INFO  : Launching XSDB server: xsdb -s /opt/Xilinx/SDK/2014.4/scripts/xsdb/xsdb/xsdb-server.tcl 2450
16:03:00 INFO  : Checking for hwspec changes in the project system_wrapper_hw_platform_0.
16:03:01 INFO  : SDK has detected change in the last modified timestamps for source hardware specification file Source:1420268416000,  Project:1420264569000
16:03:01 INFO  : The hardware specification for project 'system_wrapper_hw_platform_0' is different from /home/ippei/work/zybo_base/zybo_csd/zybo_csd.sdk/system_wrapper.hdf.
16:03:02 INFO  : Copied contents of /home/ippei/work/zybo_base/zybo_csd/zybo_csd.sdk/system_wrapper.hdf into /system_wrapper_hw_platform_0/system.hdf.
16:03:03 INFO  : Synchronizing projects in the workspace with the hardware platform specification changes.
16:03:04 INFO  : 
16:03:13 INFO  : Updating hardware inferred compiler options for FSBL.
16:03:13 INFO  : Clearing existing target manager status.
16:04:39 INFO  : Invoking Bootgen: bootgen -image FSBL.bif -o /home/ippei/work/zybo_base/zybo_csd/zybo_csd.sdk/FSBL/bootimage/BOOT.bin -w on
16:04:39 INFO  : Overwriting existing bif file /home/ippei/work/zybo_base/zybo_csd/zybo_csd.sdk/FSBL/bootimage/FSBL.bif
16:04:40 INFO  : Bootgen command execution is done.
16:29:01 ERROR : Unexpected error while parsing XMD response ￿: com.google.gson.JsonSyntaxException: com.google.gson.stream.MalformedJsonException: invalid number or unquoted string near 
